Throughput benchmark started! Measure number of operations in given time slot.
Maximum number of threads for this system: 33
Benchmark started! Number of threads: 5 | Time frame: 1 s
Benchmark started for 19PetersonsFilterLock ...
19PetersonsFilterLock;5;1;1194349;309309;290866
19PetersonsFilterLock;5;1;993884;290700;213872
19PetersonsFilterLock;5;1;994563;286440;212210
19PetersonsFilterLock;5;1;992450;286533;212838
19PetersonsFilterLock;5;1;997230;287860;211680
19PetersonsFilterLock;5;1;945096;257392;214137
19PetersonsFilterLock;5;1;962174;260502;219344
19PetersonsFilterLock;5;1;714861;197438;165575
19PetersonsFilterLock;5;1;666501;186556;153255
19PetersonsFilterLock;5;1;666507;183941;153826
19PetersonsFilterLock;5;1;968465;264866;217201
19PetersonsFilterLock;5;1;626696;164616;144094
19PetersonsFilterLock;5;1;585335;155681;131337
19PetersonsFilterLock;5;1;586529;156023;131538
19PetersonsFilterLock;5;1;586512;155925;131656
19PetersonsFilterLock;5;1;587203;156434;131357
19PetersonsFilterLock;5;1;586005;155972;131438
19PetersonsFilterLock;5;1;586367;156320;131172
19PetersonsFilterLock;5;1;585534;156121;130879
19PetersonsFilterLock;5;1;890789;225114;219735
19PetersonsFilterLock;5;1;900067;227054;222660
19PetersonsFilterLock;5;1;898002;226485;222238
19PetersonsFilterLock;5;1;896654;226767;220926
19PetersonsFilterLock;5;1;896613;226676;221048
19PetersonsFilterLock;5;1;898331;227293;220975
19PetersonsFilterLock;5;1;896872;227003;220871
19PetersonsFilterLock;5;1;897531;227212;220120
19PetersonsFilterLock;5;1;890861;226069;218254
19PetersonsFilterLock;5;1;891531;226287;218819
19PetersonsFilterLock;5;1;888705;225629;217997
Throughput benchmark started! Measure number of operations in given time slot.
Maximum number of threads for this system: 33
Benchmark started! Number of threads: 5 | Time frame: 1 s
Benchmark started for 24LamportBakeryHerlihyLock ...
24LamportBakeryHerlihyLock;5;1;1554546;428512;299861
24LamportBakeryHerlihyLock;5;1;1219668;327827;236208
24LamportBakeryHerlihyLock;5;1;1213284;324670;239281
24LamportBakeryHerlihyLock;5;1;1205942;323281;236112
24LamportBakeryHerlihyLock;5;1;1208301;323501;237816
24LamportBakeryHerlihyLock;5;1;881597;235323;175654
24LamportBakeryHerlihyLock;5;1;1289276;351575;234561
24LamportBakeryHerlihyLock;5;1;1292577;352519;235035
24LamportBakeryHerlihyLock;5;1;1295868;353418;235632
24LamportBakeryHerlihyLock;5;1;1290972;352077;234747
24LamportBakeryHerlihyLock;5;1;1294879;353149;235451
24LamportBakeryHerlihyLock;5;1;1293485;352773;235175
24LamportBakeryHerlihyLock;5;1;879245;234472;175846
24LamportBakeryHerlihyLock;5;1;878160;234186;175630
24LamportBakeryHerlihyLock;5;1;878315;234225;175662
24LamportBakeryHerlihyLock;5;1;875943;233594;175190
24LamportBakeryHerlihyLock;5;1;838040;223497;167570
24LamportBakeryHerlihyLock;5;1;789018;220864;126429
24LamportBakeryHerlihyLock;5;1;786562;220757;124300
24LamportBakeryHerlihyLock;5;1;787877;220994;124907
24LamportBakeryHerlihyLock;5;1;788614;221311;124699
24LamportBakeryHerlihyLock;5;1;788740;221326;124771
24LamportBakeryHerlihyLock;5;1;791100;221039;127995
24LamportBakeryHerlihyLock;5;1;788383;220632;126495
24LamportBakeryHerlihyLock;5;1;786884;220573;125172
24LamportBakeryHerlihyLock;5;1;787102;220884;124456
24LamportBakeryHerlihyLock;5;1;786561;220370;125461
24LamportBakeryHerlihyLock;5;1;787346;221096;124065
24LamportBakeryHerlihyLock;5;1;786289;221075;123082
24LamportBakeryHerlihyLock;5;1;785339;220234;124644
Throughput benchmark started! Measure number of operations in given time slot.
Maximum number of threads for this system: 33
Benchmark started! Number of threads: 5 | Time frame: 1 s
Benchmark started for 25LamportBakeryOriginalLock ...
25LamportBakeryOriginalLock;5;1;1187411;311503;258497
25LamportBakeryOriginalLock;5;1;958051;285599;174225
25LamportBakeryOriginalLock;5;1;958758;286526;173145
25LamportBakeryOriginalLock;5;1;713805;205986;132800
25LamportBakeryOriginalLock;5;1;662879;177643;132187
25LamportBakeryOriginalLock;5;1;662547;177222;132519
25LamportBakeryOriginalLock;5;1;664502;177582;133176
25LamportBakeryOriginalLock;5;1;1160030;290379;288984
25LamportBakeryOriginalLock;5;1;1169136;292461;291846
25LamportBakeryOriginalLock;5;1;1030082;296109;163993
25LamportBakeryOriginalLock;5;1;1025352;295932;160898
25LamportBakeryOriginalLock;5;1;1024885;295759;160977
25LamportBakeryOriginalLock;5;1;1025068;295658;160852
25LamportBakeryOriginalLock;5;1;1026820;296164;160559
25LamportBakeryOriginalLock;5;1;1028825;296651;160379
25LamportBakeryOriginalLock;5;1;721354;218331;133145
25LamportBakeryOriginalLock;5;1;673786;206285;128896
25LamportBakeryOriginalLock;5;1;980800;278344;173197
25LamportBakeryOriginalLock;5;1;980094;278139;173222
25LamportBakeryOriginalLock;5;1;665591;192925;117932
25LamportBakeryOriginalLock;5;1;608463;177200;108550
25LamportBakeryOriginalLock;5;1;609091;177250;108942
25LamportBakeryOriginalLock;5;1;682776;189080;130007
25LamportBakeryOriginalLock;5;1;1048791;302110;156659
25LamportBakeryOriginalLock;5;1;1039314;298740;159488
25LamportBakeryOriginalLock;5;1;987317;281919;165513
25LamportBakeryOriginalLock;5;1;987452;282036;165285
25LamportBakeryOriginalLock;5;1;986450;282070;164261
25LamportBakeryOriginalLock;5;1;987746;281947;165818
25LamportBakeryOriginalLock;5;1;987672;282145;165206
Throughput benchmark started! Measure number of operations in given time slot.
Maximum number of threads for this system: 33
Benchmark started! Number of threads: 5 | Time frame: 1 s
Benchmark started for 13PetersonsTree ...
13PetersonsTree;5;1;244065972;243118067;241361
13PetersonsTree;5;1;250284523;249201290;270868
13PetersonsTree;5;1;250369576;249286396;270850
13PetersonsTree;5;1;250415883;249313962;275521
13PetersonsTree;5;1;250420053;249316838;275884
13PetersonsTree;5;1;250050541;249195230;216136
13PetersonsTree;5;1;250004507;249255816;190581
13PetersonsTree;5;1;250011740;249263061;190377
13PetersonsTree;5;1;250412214;249311279;275377
13PetersonsTree;5;1;249859443;249179848;170411
13PetersonsTree;5;1;249914375;249278858;158730
13PetersonsTree;5;1;249904234;249280631;155785
13PetersonsTree;5;1;249898401;249271791;156519
13PetersonsTree;5;1;250632430;249288781;335901
13PetersonsTree;5;1;250674203;249324945;337324
13PetersonsTree;5;1;250675832;249323730;338034
13PetersonsTree;5;1;250674094;249325586;337174
13PetersonsTree;5;1;250654760;249301046;338431
13PetersonsTree;5;1;250676281;249323794;338134
13PetersonsTree;5;1;250677078;249326804;337647
13PetersonsTree;5;1;250681409;249327002;338619
13PetersonsTree;5;1;250065579;249246406;210286
13PetersonsTree;5;1;249950116;249276206;193155
13PetersonsTree;5;1;249966799;249293209;195351
13PetersonsTree;5;1;249964083;249290180;195344
13PetersonsTree;5;1;249938842;249231245;204729
13PetersonsTree;5;1;249962513;249250733;206112
13PetersonsTree;5;1;249973897;249262308;206097
13PetersonsTree;5;1;249968021;249255420;206227
13PetersonsTree;5;1;249955149;249244294;204718
Throughput benchmark started! Measure number of operations in given time slot.
Maximum number of threads for this system: 33
Benchmark started! Number of threads: 5 | Time frame: 1 s
Benchmark started for 15BoulangerieLock ...
15BoulangerieLock;5;1;1495657;393973;336397
15BoulangerieLock;5;1;1375713;389217;261337
15BoulangerieLock;5;1;1378354;391862;262434
15BoulangerieLock;5;1;1376877;391174;262131
15BoulangerieLock;5;1;1377575;391464;262264
15BoulangerieLock;5;1;1377642;391411;262449
15BoulangerieLock;5;1;1381427;392448;262534
15BoulangerieLock;5;1;1027900;304394;202861
15BoulangerieLock;5;1;988367;295127;196663
15BoulangerieLock;5;1;990328;295276;196929
15BoulangerieLock;5;1;994638;295854;197618
15BoulangerieLock;5;1;989781;295371;196594
15BoulangerieLock;5;1;1379561;391159;262847
15BoulangerieLock;5;1;1382623;392439;263628
15BoulangerieLock;5;1;957860;262465;186067
15BoulangerieLock;5;1;908197;247695;176614
15BoulangerieLock;5;1;903747;246716;175570
15BoulangerieLock;5;1;900829;245959;174952
15BoulangerieLock;5;1;915235;249329;178564
15BoulangerieLock;5;1;881661;245471;162471
15BoulangerieLock;5;1;880903;245537;162088
15BoulangerieLock;5;1;881145;245550;162128
15BoulangerieLock;5;1;881599;245688;162223
15BoulangerieLock;5;1;876074;244317;161587
15BoulangerieLock;5;1;873497;243696;161136
15BoulangerieLock;5;1;874299;243679;161213
15BoulangerieLock;5;1;873517;243324;161148
15BoulangerieLock;5;1;876243;244186;161634
15BoulangerieLock;5;1;1208544;340585;215913
15BoulangerieLock;5;1;1268460;358521;225544
Throughput benchmark started! Measure number of operations in given time slot.
Maximum number of threads for this system: 33
Benchmark started! Number of threads: 5 | Time frame: 1 s
Benchmark started for 7C11Lock ...
7C11Lock;5;1;18833929;4755131;4593786
7C11Lock;5;1;19163621;5184186;4359775
7C11Lock;5;1;19179425;5177849;4349667
7C11Lock;5;1;17371378;4614071;3862664
7C11Lock;5;1;17573852;4956647;3896236
7C11Lock;5;1;17555996;4916328;3898345
7C11Lock;5;1;17543760;4959911;3884524
7C11Lock;5;1;19582724;5211798;4518795
7C11Lock;5;1;19794078;5305192;4507742
7C11Lock;5;1;19815750;5261437;4547176
7C11Lock;5;1;19191250;5011562;4400372
7C11Lock;5;1;19227729;5086860;4307037
7C11Lock;5;1;19256248;5120738;4314016
7C11Lock;5;1;17604018;4912185;4037814
7C11Lock;5;1;17305576;4859366;3951628
7C11Lock;5;1;19186805;5051269;4461310
7C11Lock;5;1;20015958;5525620;4579001
7C11Lock;5;1;19820200;5255264;4502769
7C11Lock;5;1;19840563;5297300;4560076
7C11Lock;5;1;19866902;5336502;4566910
7C11Lock;5;1;19819355;5301145;4541798
7C11Lock;5;1;19834023;5318135;4542069
7C11Lock;5;1;19873258;5311336;4549917
7C11Lock;5;1;19864041;5304952;4539411
7C11Lock;5;1;19859472;5312720;4533910
7C11Lock;5;1;17659758;4715179;3932178
7C11Lock;5;1;17661202;4702651;3923016
7C11Lock;5;1;17667262;4692043;3940540
7C11Lock;5;1;17601504;4691868;3925225
7C11Lock;5;1;17620786;4670808;3959392
Throughput benchmark started! Measure number of operations in given time slot.
Maximum number of threads for this system: 33
Benchmark started! Number of threads: 5 | Time frame: 1 s
Benchmark started for 10OpenMPLock ...
10OpenMPLock;5;1;10530420;4345655;790883
10OpenMPLock;5;1;13788419;6863446;1928247
10OpenMPLock;5;1;13853814;6721252;2031562
10OpenMPLock;5;1;13786750;6424337;1952724
10OpenMPLock;5;1;11804817;3545154;2321512
10OpenMPLock;5;1;11815665;3519270;2322603
10OpenMPLock;5;1;11771816;3555573;2350212
10OpenMPLock;5;1;10646488;3687325;1752564
10OpenMPLock;5;1;10492552;3778900;1566859
10OpenMPLock;5;1;10425626;3741419;1493340
10OpenMPLock;5;1;10582556;3774539;1452508
10OpenMPLock;5;1;10883554;4149478;996788
10OpenMPLock;5;1;10743415;3864651;1006078
10OpenMPLock;5;1;10697494;3858860;981217
10OpenMPLock;5;1;10568682;3750327;959013
10OpenMPLock;5;1;10577829;3879512;971218
10OpenMPLock;5;1;9828420;4053072;1595224
10OpenMPLock;5;1;9765679;4031572;1622045
10OpenMPLock;5;1;9839259;4071887;1614724
10OpenMPLock;5;1;9915985;4050782;1592949
10OpenMPLock;5;1;9752608;3998044;1642049
10OpenMPLock;5;1;9770449;4021423;1643155
10OpenMPLock;5;1;9827328;4008170;1642737
10OpenMPLock;5;1;10324512;3304635;2121255
10OpenMPLock;5;1;10293077;3232697;2116647
10OpenMPLock;5;1;10448380;3254541;2138206
10OpenMPLock;5;1;10487057;3258300;2120636
10OpenMPLock;5;1;10426624;3206240;2135981
10OpenMPLock;5;1;10662544;3218453;2078408
10OpenMPLock;5;1;10475025;3213845;2130938
Throughput benchmark started! Measure number of operations in given time slot.
Maximum number of threads for this system: 33
Benchmark started! Number of threads: 5 | Time frame: 1 s
Benchmark started for 14TestAndSetLock ...
14TestAndSetLock;5;1;23061695;8048262;3782705
14TestAndSetLock;5;1;25699000;8878849;4358775
14TestAndSetLock;5;1;25674141;8866048;4356770
14TestAndSetLock;5;1;25713955;8890989;4346166
14TestAndSetLock;5;1;25781998;13712282;2994791
14TestAndSetLock;5;1;26248107;11392092;2366192
14TestAndSetLock;5;1;25660333;9495753;4373375
14TestAndSetLock;5;1;26482140;9914408;4831156
14TestAndSetLock;5;1;26352396;9817151;4784944
14TestAndSetLock;5;1;26485082;9921767;4823817
14TestAndSetLock;5;1;26379746;9840060;4792219
14TestAndSetLock;5;1;26523666;9936002;4835747
14TestAndSetLock;5;1;25635065;8576382;4593023
14TestAndSetLock;5;1;24604569;9305720;4741021
14TestAndSetLock;5;1;24592988;9297005;4749537
14TestAndSetLock;5;1;24631143;9324109;4750891
14TestAndSetLock;5;1;24619021;9314208;4757816
14TestAndSetLock;5;1;24653172;9311397;4765179
14TestAndSetLock;5;1;24621339;9315564;4753963
14TestAndSetLock;5;1;24626327;9297866;4764521
14TestAndSetLock;5;1;24694475;9346051;4776598
14TestAndSetLock;5;1;24600032;9293569;4745655
14TestAndSetLock;5;1;24558848;9254860;4711803
14TestAndSetLock;5;1;24613024;9303867;4734315
14TestAndSetLock;5;1;24610189;9297764;4750861
14TestAndSetLock;5;1;28666018;9368313;5060700
14TestAndSetLock;5;1;29700124;9877888;5136985
14TestAndSetLock;5;1;29574344;9789010;5122930
14TestAndSetLock;5;1;29623846;9887916;5105667
14TestAndSetLock;5;1;23482341;8244980;4421666
Throughput benchmark started! Measure number of operations in given time slot.
Maximum number of threads for this system: 33
Benchmark started! Number of threads: 5 | Time frame: 1 s
Benchmark started for 21TestAndTestAndSetLock ...
21TestAndTestAndSetLock;5;1;12108038;3625642;2320835
21TestAndTestAndSetLock;5;1;23159964;6515982;3802732
21TestAndTestAndSetLock;5;1;23362018;6589928;3829417
21TestAndTestAndSetLock;5;1;23369506;6605409;3839271
21TestAndTestAndSetLock;5;1;11483812;8013250;430594
21TestAndTestAndSetLock;5;1;11488033;8004940;385003
21TestAndTestAndSetLock;5;1;32063020;9229588;5417441
21TestAndTestAndSetLock;5;1;29330646;9202009;2313799
21TestAndTestAndSetLock;5;1;29544616;9529280;2279877
21TestAndTestAndSetLock;5;1;34457999;9708172;6252948
21TestAndTestAndSetLock;5;1;34463700;9709191;6280345
21TestAndTestAndSetLock;5;1;35159693;9800736;6627551
21TestAndTestAndSetLock;5;1;31780731;9340142;5506383
21TestAndTestAndSetLock;5;1;31676683;9382956;5407024
21TestAndTestAndSetLock;5;1;31692664;9365213;5421167
21TestAndTestAndSetLock;5;1;23910168;10112930;3684425
21TestAndTestAndSetLock;5;1;22630397;10884323;2737511
21TestAndTestAndSetLock;5;1;23703362;6808091;4567518
21TestAndTestAndSetLock;5;1;23698937;6732006;4608114
21TestAndTestAndSetLock;5;1;23724968;6744635;4605283
21TestAndTestAndSetLock;5;1;23734124;6742210;4590608
21TestAndTestAndSetLock;5;1;23761346;6751402;4598232
21TestAndTestAndSetLock;5;1;23764828;6745091;4594101
21TestAndTestAndSetLock;5;1;23564403;6764037;4609972
21TestAndTestAndSetLock;5;1;23554482;6779988;4596556
21TestAndTestAndSetLock;5;1;23589114;6777219;4583469
21TestAndTestAndSetLock;5;1;24648524;6742081;4944686
21TestAndTestAndSetLock;5;1;25914994;10824177;3853606
21TestAndTestAndSetLock;5;1;26067733;11568999;3635108
21TestAndTestAndSetLock;5;1;26135493;11506172;3684884
