Throughput benchmark started! Measure number of operations in given time slot.
Maximum number of threads for this system: 33
Benchmark started! Number of threads: 3 | Time frame: 1 s
Benchmark started for 19PetersonsFilterLock ...
19PetersonsFilterLock;3;1;3441930;1721443;1720487
19PetersonsFilterLock;3;1;3206658;1603431;1603227
19PetersonsFilterLock;3;1;3206037;1603116;1602921
19PetersonsFilterLock;3;1;3206411;1603321;1603090
19PetersonsFilterLock;3;1;3206295;1603361;1602934
19PetersonsFilterLock;3;1;3206492;1603440;1603052
19PetersonsFilterLock;3;1;3206355;1603266;1603089
19PetersonsFilterLock;3;1;3206298;1603252;1603046
19PetersonsFilterLock;3;1;3067919;1534034;1533885
19PetersonsFilterLock;3;1;3067923;1534030;1533893
19PetersonsFilterLock;3;1;2679453;1340202;1339251
19PetersonsFilterLock;3;1;1773457;887652;885805
19PetersonsFilterLock;3;1;1774571;887880;886691
19PetersonsFilterLock;3;1;1774588;887874;886714
19PetersonsFilterLock;3;1;1775258;888549;886709
19PetersonsFilterLock;3;1;1773362;887534;885828
19PetersonsFilterLock;3;1;3055117;1528923;1526194
19PetersonsFilterLock;3;1;3067918;1534007;1533911
19PetersonsFilterLock;3;1;3067947;1533980;1533967
19PetersonsFilterLock;3;1;3068006;1534013;1533993
19PetersonsFilterLock;3;1;3068036;1534140;1533896
19PetersonsFilterLock;3;1;3068041;1534082;1533959
19PetersonsFilterLock;3;1;3068383;1534358;1534025
19PetersonsFilterLock;3;1;3067925;1533998;1533927
19PetersonsFilterLock;3;1;3067945;1534022;1533923
19PetersonsFilterLock;3;1;3068146;1534101;1534045
19PetersonsFilterLock;3;1;2482211;1241326;1240885
19PetersonsFilterLock;3;1;1858287;929857;928430
19PetersonsFilterLock;3;1;1858684;930152;928532
19PetersonsFilterLock;3;1;1857889;929391;928498
Throughput benchmark started! Measure number of operations in given time slot.
Maximum number of threads for this system: 33
Benchmark started! Number of threads: 3 | Time frame: 1 s
Benchmark started for 24LamportBakeryHerlihyLock ...
24LamportBakeryHerlihyLock;3;1;2813628;1823723;989905
24LamportBakeryHerlihyLock;3;1;1811526;1207441;604085
24LamportBakeryHerlihyLock;3;1;1810912;1206993;603919
24LamportBakeryHerlihyLock;3;1;1810818;1206957;603861
24LamportBakeryHerlihyLock;3;1;1479089;1008926;470163
24LamportBakeryHerlihyLock;3;1;1094096;778161;315935
24LamportBakeryHerlihyLock;3;1;1094061;778427;315634
24LamportBakeryHerlihyLock;3;1;1805482;1203917;601565
24LamportBakeryHerlihyLock;3;1;1812310;1207912;604398
24LamportBakeryHerlihyLock;3;1;1811927;1207752;604175
24LamportBakeryHerlihyLock;3;1;1811923;1207791;604132
24LamportBakeryHerlihyLock;3;1;1811882;1207771;604111
24LamportBakeryHerlihyLock;3;1;1546575;1049262;497313
24LamportBakeryHerlihyLock;3;1;1093274;777960;315314
24LamportBakeryHerlihyLock;3;1;1093588;778204;315384
24LamportBakeryHerlihyLock;3;1;1799644;1200363;599281
24LamportBakeryHerlihyLock;3;1;1812338;1207739;604599
24LamportBakeryHerlihyLock;3;1;1812572;1207253;605319
24LamportBakeryHerlihyLock;3;1;1812084;1207252;604832
24LamportBakeryHerlihyLock;3;1;1812456;1207233;605223
24LamportBakeryHerlihyLock;3;1;1812628;1207632;604996
24LamportBakeryHerlihyLock;3;1;1812527;1207250;605277
24LamportBakeryHerlihyLock;3;1;1812255;1207225;605030
24LamportBakeryHerlihyLock;3;1;1812686;1207239;605447
24LamportBakeryHerlihyLock;3;1;1812561;1207209;605352
24LamportBakeryHerlihyLock;3;1;1812466;1207198;605268
24LamportBakeryHerlihyLock;3;1;1812566;1207253;605313
24LamportBakeryHerlihyLock;3;1;1812554;1207189;605365
24LamportBakeryHerlihyLock;3;1;1812660;1207144;605516
24LamportBakeryHerlihyLock;3;1;1812265;1207137;605128
Throughput benchmark started! Measure number of operations in given time slot.
Maximum number of threads for this system: 33
Benchmark started! Number of threads: 3 | Time frame: 1 s
Benchmark started for 25LamportBakeryOriginalLock ...
25LamportBakeryOriginalLock;3;1;2681953;1481022;1200931
25LamportBakeryOriginalLock;3;1;1609385;1531073;78312
25LamportBakeryOriginalLock;3;1;1609200;1531868;77332
25LamportBakeryOriginalLock;3;1;1609276;1530692;78584
25LamportBakeryOriginalLock;3;1;1609541;1531226;78315
25LamportBakeryOriginalLock;3;1;1609278;1529914;79364
25LamportBakeryOriginalLock;3;1;1609188;1530618;78570
25LamportBakeryOriginalLock;3;1;1609108;1527838;81270
25LamportBakeryOriginalLock;3;1;1609191;1528696;80495
25LamportBakeryOriginalLock;3;1;1609435;1528394;81041
25LamportBakeryOriginalLock;3;1;1609035;1526863;82172
25LamportBakeryOriginalLock;3;1;1609132;1526105;83027
25LamportBakeryOriginalLock;3;1;1609101;1525692;83409
25LamportBakeryOriginalLock;3;1;1609026;1523060;85966
25LamportBakeryOriginalLock;3;1;1608973;1521999;86974
25LamportBakeryOriginalLock;3;1;1608869;1520510;88359
25LamportBakeryOriginalLock;3;1;1608880;1520603;88277
25LamportBakeryOriginalLock;3;1;1608854;1520764;88090
25LamportBakeryOriginalLock;3;1;1898314;1384514;513800
25LamportBakeryOriginalLock;3;1;1900852;1383062;517790
25LamportBakeryOriginalLock;3;1;1903845;1384394;519451
25LamportBakeryOriginalLock;3;1;1613862;1060242;553620
25LamportBakeryOriginalLock;3;1;1665755;1653617;12138
25LamportBakeryOriginalLock;3;1;1665938;1653725;12213
25LamportBakeryOriginalLock;3;1;1666172;1653766;12406
25LamportBakeryOriginalLock;3;1;1665617;1652296;13321
25LamportBakeryOriginalLock;3;1;1665890;1652807;13083
25LamportBakeryOriginalLock;3;1;1666614;1654066;12548
25LamportBakeryOriginalLock;3;1;1666563;1653498;13065
25LamportBakeryOriginalLock;3;1;1612260;1051995;560265
Throughput benchmark started! Measure number of operations in given time slot.
Maximum number of threads for this system: 33
Benchmark started! Number of threads: 3 | Time frame: 1 s
Benchmark started for 13PetersonsTree ...
13PetersonsTree;3;1;260072853;248991081;11081772
13PetersonsTree;3;1;260308923;249271488;11037435
13PetersonsTree;3;1;260312182;249275653;11036529
13PetersonsTree;3;1;260306453;249270467;11035986
13PetersonsTree;3;1;260304652;249270588;11034064
13PetersonsTree;3;1;260309420;249275157;11034263
13PetersonsTree;3;1;260318929;249283156;11035773
13PetersonsTree;3;1;260304747;249271697;11033050
13PetersonsTree;3;1;260290596;249256924;11033672
13PetersonsTree;3;1;260219177;249187084;11032093
13PetersonsTree;3;1;260301335;249267455;11033880
13PetersonsTree;3;1;260297837;249264292;11033545
13PetersonsTree;3;1;260284132;249251277;11032855
13PetersonsTree;3;1;260299139;249266186;11032953
13PetersonsTree;3;1;260306904;249278550;11028354
13PetersonsTree;3;1;260341309;249313297;11028012
13PetersonsTree;3;1;260347299;249317763;11029536
13PetersonsTree;3;1;260348615;249318790;11029825
13PetersonsTree;3;1;260343187;249314389;11028798
13PetersonsTree;3;1;260346068;249316740;11029328
13PetersonsTree;3;1;260351954;249324033;11027921
13PetersonsTree;3;1;260339785;249309128;11030657
13PetersonsTree;3;1;260337198;249308379;11028819
13PetersonsTree;3;1;260339199;249308912;11030287
13PetersonsTree;3;1;260340032;249309675;11030357
13PetersonsTree;3;1;260347289;249317461;11029828
13PetersonsTree;3;1;260347115;249318193;11028922
13PetersonsTree;3;1;260343996;249312860;11031136
13PetersonsTree;3;1;260336841;249308506;11028335
13PetersonsTree;3;1;260331263;249303157;11028106
Throughput benchmark started! Measure number of operations in given time slot.
Maximum number of threads for this system: 33
Benchmark started! Number of threads: 3 | Time frame: 1 s
Benchmark started for 15BoulangerieLock ...
15BoulangerieLock;3;1;2222957;1476551;746406
15BoulangerieLock;3;1;2126474;1420816;705658
15BoulangerieLock;3;1;2012850;1195379;817471
15BoulangerieLock;3;1;1579645;909141;670504
15BoulangerieLock;3;1;1841558;1155949;685609
15BoulangerieLock;3;1;1973660;1280749;692911
15BoulangerieLock;3;1;1969979;1278163;691816
15BoulangerieLock;3;1;1872127;1211022;661105
15BoulangerieLock;3;1;1132126;638883;493243
15BoulangerieLock;3;1;1130840;638176;492664
15BoulangerieLock;3;1;1132879;639561;493318
15BoulangerieLock;3;1;1129222;637600;491622
15BoulangerieLock;3;1;1189796;684359;505437
15BoulangerieLock;3;1;2049318;1356766;692552
15BoulangerieLock;3;1;2041008;1332611;708397
15BoulangerieLock;3;1;1942052;975665;966387
15BoulangerieLock;3;1;1942033;975735;966298
15BoulangerieLock;3;1;1946945;975288;971657
15BoulangerieLock;3;1;1943313;975715;967598
15BoulangerieLock;3;1;1943155;975736;967419
15BoulangerieLock;3;1;1942836;975707;967129
15BoulangerieLock;3;1;1943266;975612;967654
15BoulangerieLock;3;1;1945086;975745;969341
15BoulangerieLock;3;1;1942112;975644;966468
15BoulangerieLock;3;1;1944054;975632;968422
15BoulangerieLock;3;1;1945125;975634;969491
15BoulangerieLock;3;1;1945070;975865;969205
15BoulangerieLock;3;1;1943090;975406;967684
15BoulangerieLock;3;1;1943501;975753;967748
15BoulangerieLock;3;1;1942406;975552;966854
Throughput benchmark started! Measure number of operations in given time slot.
Maximum number of threads for this system: 33
Benchmark started! Number of threads: 3 | Time frame: 1 s
Benchmark started for 7C11Lock ...
7C11Lock;3;1;26232247;13506509;12725738
7C11Lock;3;1;26361389;13950430;12410959
7C11Lock;3;1;26283431;13987447;12295984
7C11Lock;3;1;26253766;14365860;11887906
7C11Lock;3;1;26253431;14067978;12185453
7C11Lock;3;1;26268250;14275218;11993032
7C11Lock;3;1;26089137;13401472;12687665
7C11Lock;3;1;25451844;13608845;11842999
7C11Lock;3;1;21514221;15582369;5931852
7C11Lock;3;1;21559792;15561284;5998508
7C11Lock;3;1;21614172;15728953;5885219
7C11Lock;3;1;22386495;15007574;7378921
7C11Lock;3;1;25913486;13560869;12352617
7C11Lock;3;1;25918666;13713648;12205018
7C11Lock;3;1;25938638;13041813;12896825
7C11Lock;3;1;27257250;14282668;12974582
7C11Lock;3;1;32107863;21123621;10984242
7C11Lock;3;1;31986080;21749975;10236105
7C11Lock;3;1;32087665;21795540;10292125
7C11Lock;3;1;32529818;17610217;14919601
7C11Lock;3;1;33146396;21120627;12025769
7C11Lock;3;1;33113779;19996143;13117636
7C11Lock;3;1;33009523;19954801;13054722
7C11Lock;3;1;33041359;20020432;13020927
7C11Lock;3;1;33056536;20144156;12912380
7C11Lock;3;1;33101354;19470834;13630520
7C11Lock;3;1;33176425;20170763;13005662
7C11Lock;3;1;32938079;20138800;12799279
7C11Lock;3;1;32975497;20136239;12839258
7C11Lock;3;1;32830469;21585195;11245274
Throughput benchmark started! Measure number of operations in given time slot.
Maximum number of threads for this system: 33
Benchmark started! Number of threads: 3 | Time frame: 1 s
Benchmark started for 10OpenMPLock ...
10OpenMPLock;3;1;23480256;12888630;10591626
10OpenMPLock;3;1;23446221;13023592;10422629
10OpenMPLock;3;1;17460058;9499384;7960674
10OpenMPLock;3;1;13131435;8499676;4631759
10OpenMPLock;3;1;13227350;8486973;4740377
10OpenMPLock;3;1;13225115;8488153;4736962
10OpenMPLock;3;1;11427415;6911477;4515938
10OpenMPLock;3;1;23029077;18409757;4619320
10OpenMPLock;3;1;23306250;18725754;4580496
10OpenMPLock;3;1;23244455;18614418;4630037
10OpenMPLock;3;1;20566515;15844613;4721902
10OpenMPLock;3;1;9556580;5177117;4379463
10OpenMPLock;3;1;9487766;5185444;4302322
10OpenMPLock;3;1;9409749;5189948;4219801
10OpenMPLock;3;1;9565735;5172619;4393116
10OpenMPLock;3;1;9485840;5181515;4304325
10OpenMPLock;3;1;9561967;5172149;4389818
10OpenMPLock;3;1;9556694;5172281;4384413
10OpenMPLock;3;1;9549957;5172586;4377371
10OpenMPLock;3;1;11813689;8619774;3193915
10OpenMPLock;3;1;11875997;8661661;3214336
10OpenMPLock;3;1;11900540;8502416;3398124
10OpenMPLock;3;1;11775397;8724288;3051109
10OpenMPLock;3;1;12055914;8648220;3407694
10OpenMPLock;3;1;19112796;13029352;6083444
10OpenMPLock;3;1;22288039;15045444;7242595
10OpenMPLock;3;1;21548581;15592560;5956021
10OpenMPLock;3;1;20270375;16766113;3504262
10OpenMPLock;3;1;20224861;16730858;3494003
10OpenMPLock;3;1;20193577;16681493;3512084
Throughput benchmark started! Measure number of operations in given time slot.
Maximum number of threads for this system: 33
Benchmark started! Number of threads: 3 | Time frame: 1 s
Benchmark started for 14TestAndSetLock ...
14TestAndSetLock;3;1;42077737;28405165;13672572
14TestAndSetLock;3;1;47498730;33510478;13988252
14TestAndSetLock;3;1;47509645;33526442;13983203
14TestAndSetLock;3;1;47453889;33480006;13973883
14TestAndSetLock;3;1;41386998;30900025;10486973
14TestAndSetLock;3;1;33970858;27774691;6196167
14TestAndSetLock;3;1;33937974;27750823;6187151
14TestAndSetLock;3;1;35275363;34335195;940168
14TestAndSetLock;3;1;40039261;34096622;5942639
14TestAndSetLock;3;1;44669692;33783022;10886670
14TestAndSetLock;3;1;44593768;33797398;10796370
14TestAndSetLock;3;1;44625538;33795393;10830145
14TestAndSetLock;3;1;44632912;33761734;10871178
14TestAndSetLock;3;1;44570019;33795408;10774611
14TestAndSetLock;3;1;44559025;33782117;10776908
14TestAndSetLock;3;1;44634199;33799769;10834430
14TestAndSetLock;3;1;44665248;33790387;10874861
14TestAndSetLock;3;1;44644270;33786558;10857712
14TestAndSetLock;3;1;44671729;33753051;10918678
14TestAndSetLock;3;1;44691121;33796032;10895089
14TestAndSetLock;3;1;41455649;24659755;16795894
14TestAndSetLock;3;1;34782007;29073149;5708858
14TestAndSetLock;3;1;34790024;29073204;5716820
14TestAndSetLock;3;1;34580099;28497120;6082979
14TestAndSetLock;3;1;32013336;21741064;10272272
14TestAndSetLock;3;1;32034928;21837462;10197466
14TestAndSetLock;3;1;32041460;21830892;10210568
14TestAndSetLock;3;1;32038230;21786397;10251833
14TestAndSetLock;3;1;32030223;21815157;10215066
14TestAndSetLock;3;1;32015941;21807515;10208426
Throughput benchmark started! Measure number of operations in given time slot.
Maximum number of threads for this system: 33
Benchmark started! Number of threads: 3 | Time frame: 1 s
Benchmark started for 21TestAndTestAndSetLock ...
21TestAndTestAndSetLock;3;1;49719178;24871555;24847623
21TestAndTestAndSetLock;3;1;39581586;27334340;12247246
21TestAndTestAndSetLock;3;1;39620243;27328064;12292179
21TestAndTestAndSetLock;3;1;39703446;27356707;12346739
21TestAndTestAndSetLock;3;1;37856375;29646195;8210180
21TestAndTestAndSetLock;3;1;37835473;29671938;8163535
21TestAndTestAndSetLock;3;1;37015970;32114733;4901237
21TestAndTestAndSetLock;3;1;36076364;34425912;1650452
21TestAndTestAndSetLock;3;1;36012086;34357574;1654512
21TestAndTestAndSetLock;3;1;44493587;26614039;17879548
21TestAndTestAndSetLock;3;1;44540023;26800967;17739056
21TestAndTestAndSetLock;3;1;44381949;26561885;17820064
21TestAndTestAndSetLock;3;1;44436216;26648730;17787486
21TestAndTestAndSetLock;3;1;44513048;26768056;17744992
21TestAndTestAndSetLock;3;1;44376162;26559244;17816918
21TestAndTestAndSetLock;3;1;44573631;26854154;17719477
21TestAndTestAndSetLock;3;1;44386223;26563967;17822256
21TestAndTestAndSetLock;3;1;44255168;26372071;17883097
21TestAndTestAndSetLock;3;1;38043786;21294585;16749201
21TestAndTestAndSetLock;3;1;50718408;28715465;22002943
21TestAndTestAndSetLock;3;1;50727215;28710703;22016512
21TestAndTestAndSetLock;3;1;50778688;28755814;22022874
21TestAndTestAndSetLock;3;1;50688346;28662870;22025476
21TestAndTestAndSetLock;3;1;50664731;28616143;22048588
21TestAndTestAndSetLock;3;1;50716538;28708221;22008317
21TestAndTestAndSetLock;3;1;50718701;28845668;21873033
21TestAndTestAndSetLock;3;1;50790910;28935827;21855083
21TestAndTestAndSetLock;3;1;50965285;28971285;21994000
21TestAndTestAndSetLock;3;1;50888433;28878237;22010196
21TestAndTestAndSetLock;3;1;50858774;28865379;21993395
