Throughput benchmark started! Measure number of operations in given time slot.
Maximum number of threads for this system: 33
Benchmark started! Number of threads: 9 | Time frame: 1 s
Benchmark started for 19PetersonsFilterLock ...
19PetersonsFilterLock;9;1;239458;31880;27737
19PetersonsFilterLock;9;1;180079;23573;20944
19PetersonsFilterLock;9;1;180263;23660;20951
19PetersonsFilterLock;9;1;180006;23618;20961
19PetersonsFilterLock;9;1;176795;23186;20750
19PetersonsFilterLock;9;1;171276;22480;20393
19PetersonsFilterLock;9;1;171186;22435;20368
19PetersonsFilterLock;9;1;171226;22494;20365
19PetersonsFilterLock;9;1;179269;23555;20874
19PetersonsFilterLock;9;1;179230;23562;20868
19PetersonsFilterLock;9;1;179348;23607;20847
19PetersonsFilterLock;9;1;179349;23559;20898
19PetersonsFilterLock;9;1;179833;23677;20933
19PetersonsFilterLock;9;1;180463;23741;20986
19PetersonsFilterLock;9;1;180410;23702;20975
19PetersonsFilterLock;9;1;180483;23773;20980
19PetersonsFilterLock;9;1;180471;23715;21005
19PetersonsFilterLock;9;1;180547;23695;20971
19PetersonsFilterLock;9;1;174682;23025;20672
19PetersonsFilterLock;9;1;174707;23017;20634
19PetersonsFilterLock;9;1;174632;23013;20676
19PetersonsFilterLock;9;1;174625;22993;20622
19PetersonsFilterLock;9;1;174582;22976;20640
19PetersonsFilterLock;9;1;166051;21859;19730
19PetersonsFilterLock;9;1;166815;22237;19592
19PetersonsFilterLock;9;1;166813;22229;19567
19PetersonsFilterLock;9;1;166870;22240;19578
19PetersonsFilterLock;9;1;166856;22279;19553
19PetersonsFilterLock;9;1;169590;22496;19923
19PetersonsFilterLock;9;1;173005;22805;20406
Throughput benchmark started! Measure number of operations in given time slot.
Maximum number of threads for this system: 33
Benchmark started! Number of threads: 9 | Time frame: 1 s
Benchmark started for 24LamportBakeryHerlihyLock ...
24LamportBakeryHerlihyLock;9;1;788803;100537;86128
24LamportBakeryHerlihyLock;9;1;592909;75413;65021
24LamportBakeryHerlihyLock;9;1;596154;75961;64429
24LamportBakeryHerlihyLock;9;1;611563;77789;67045
24LamportBakeryHerlihyLock;9;1;600914;76360;66399
24LamportBakeryHerlihyLock;9;1;588152;74772;64755
24LamportBakeryHerlihyLock;9;1;582208;74034;63976
24LamportBakeryHerlihyLock;9;1;585935;74422;64985
24LamportBakeryHerlihyLock;9;1;579894;73697;64023
24LamportBakeryHerlihyLock;9;1;603095;76814;65401
24LamportBakeryHerlihyLock;9;1;583609;74203;64198
24LamportBakeryHerlihyLock;9;1;581323;73873;64219
24LamportBakeryHerlihyLock;9;1;609192;78059;62787
24LamportBakeryHerlihyLock;9;1;620154;79447;64032
24LamportBakeryHerlihyLock;9;1;601813;77057;62423
24LamportBakeryHerlihyLock;9;1;593212;75837;62363
24LamportBakeryHerlihyLock;9;1;600842;76812;63162
24LamportBakeryHerlihyLock;9;1;615706;78901;63402
24LamportBakeryHerlihyLock;9;1;602724;77084;63142
24LamportBakeryHerlihyLock;9;1;594150;76048;61819
24LamportBakeryHerlihyLock;9;1;601124;76903;62813
24LamportBakeryHerlihyLock;9;1;595652;76271;61760
24LamportBakeryHerlihyLock;9;1;594384;76129;61485
24LamportBakeryHerlihyLock;9;1;589182;75231;62568
24LamportBakeryHerlihyLock;9;1;590930;75481;62564
24LamportBakeryHerlihyLock;9;1;587828;75149;61790
24LamportBakeryHerlihyLock;9;1;580446;74143;61450
24LamportBakeryHerlihyLock;9;1;572906;73131;60994
24LamportBakeryHerlihyLock;9;1;588118;75331;60804
24LamportBakeryHerlihyLock;9;1;591783;75635;62347
Throughput benchmark started! Measure number of operations in given time slot.
Maximum number of threads for this system: 33
Benchmark started! Number of threads: 9 | Time frame: 1 s
Benchmark started for 25LamportBakeryOriginalLock ...
25LamportBakeryOriginalLock;9;1;684440;87229;77506
25LamportBakeryOriginalLock;9;1;593499;75798;64353
25LamportBakeryOriginalLock;9;1;594599;75942;64361
25LamportBakeryOriginalLock;9;1;594448;75941;64275
25LamportBakeryOriginalLock;9;1;594245;75918;64217
25LamportBakeryOriginalLock;9;1;592811;75744;63955
25LamportBakeryOriginalLock;9;1;592195;75638;63846
25LamportBakeryOriginalLock;9;1;592183;75640;63869
25LamportBakeryOriginalLock;9;1;592970;75715;64144
25LamportBakeryOriginalLock;9;1;595009;75987;64291
25LamportBakeryOriginalLock;9;1;595468;76034;64517
25LamportBakeryOriginalLock;9;1;594416;75887;64292
25LamportBakeryOriginalLock;9;1;593861;75853;64046
25LamportBakeryOriginalLock;9;1;593358;75810;63912
25LamportBakeryOriginalLock;9;1;593083;75755;63939
25LamportBakeryOriginalLock;9;1;593631;75834;64026
25LamportBakeryOriginalLock;9;1;591225;75540;63679
25LamportBakeryOriginalLock;9;1;593306;75795;64017
25LamportBakeryOriginalLock;9;1;591540;75571;63744
25LamportBakeryOriginalLock;9;1;591658;75587;63848
25LamportBakeryOriginalLock;9;1;575429;73886;59457
25LamportBakeryOriginalLock;9;1;576355;74050;59113
25LamportBakeryOriginalLock;9;1;576585;74076;59117
25LamportBakeryOriginalLock;9;1;572367;73478;59302
25LamportBakeryOriginalLock;9;1;576174;74004;59307
25LamportBakeryOriginalLock;9;1;576243;74040;59033
25LamportBakeryOriginalLock;9;1;575117;73845;59342
25LamportBakeryOriginalLock;9;1;575133;73827;59424
25LamportBakeryOriginalLock;9;1;577872;74222;59320
25LamportBakeryOriginalLock;9;1;572527;73537;59123
Throughput benchmark started! Measure number of operations in given time slot.
Maximum number of threads for this system: 33
Benchmark started! Number of threads: 9 | Time frame: 1 s
Benchmark started for 13PetersonsTree ...
13PetersonsTree;9;1;249183750;248487909;86975
13PetersonsTree;9;1;249827626;249278159;68664
13PetersonsTree;9;1;249855587;249296038;69939
13PetersonsTree;9;1;249858515;249303226;69408
13PetersonsTree;9;1;249841445;249284823;69563
13PetersonsTree;9;1;249819816;249286431;66668
13PetersonsTree;9;1;249728161;249187494;67574
13PetersonsTree;9;1;249855938;249305622;68787
13PetersonsTree;9;1;249868622;249310672;69740
13PetersonsTree;9;1;249835029;249274489;70064
13PetersonsTree;9;1;249815558;249281282;66778
13PetersonsTree;9;1;249710671;249235352;59403
13PetersonsTree;9;1;249715347;249234776;60060
13PetersonsTree;9;1;249724600;249241613;60362
13PetersonsTree;9;1;249804915;249271239;66708
13PetersonsTree;9;1;249712325;249247688;58077
13PetersonsTree;9;1;249706216;249250208;57000
13PetersonsTree;9;1;249710777;249247737;57877
13PetersonsTree;9;1;249702922;249243363;57441
13PetersonsTree;9;1;249711296;249250626;57581
13PetersonsTree;9;1;249708712;249248932;57471
13PetersonsTree;9;1;249715470;249252574;57860
13PetersonsTree;9;1;249716928;249244377;59067
13PetersonsTree;9;1;249693309;249239409;56731
13PetersonsTree;9;1;249720046;249243597;59549
13PetersonsTree;9;1;249712059;249250713;57662
13PetersonsTree;9;1;249694689;249243965;56332
13PetersonsTree;9;1;249703228;249243983;57398
13PetersonsTree;9;1;249702836;249249711;56633
13PetersonsTree;9;1;249701696;249248520;56644
Throughput benchmark started! Measure number of operations in given time slot.
Maximum number of threads for this system: 33
Benchmark started! Number of threads: 9 | Time frame: 1 s
Benchmark started for 15BoulangerieLock ...
15BoulangerieLock;9;1;721037;94411;68047
15BoulangerieLock;9;1;624334;81251;59480
15BoulangerieLock;9;1;623760;81156;59466
15BoulangerieLock;9;1;588397;76393;57433
15BoulangerieLock;9;1;565492;73318;55200
15BoulangerieLock;9;1;565596;73320;55204
15BoulangerieLock;9;1;565039;73228;55187
15BoulangerieLock;9;1;565286;73257;55239
15BoulangerieLock;9;1;568225;73694;55298
15BoulangerieLock;9;1;568859;73773;55377
15BoulangerieLock;9;1;568857;73786;55377
15BoulangerieLock;9;1;568218;73679;55338
15BoulangerieLock;9;1;568071;73652;55511
15BoulangerieLock;9;1;567868;73594;55550
15BoulangerieLock;9;1;567893;73607;55464
15BoulangerieLock;9;1;568210;73659;55514
15BoulangerieLock;9;1;568097;73658;55466
15BoulangerieLock;9;1;568244;73692;55474
15BoulangerieLock;9;1;568527;73696;55553
15BoulangerieLock;9;1;567843;73616;55454
15BoulangerieLock;9;1;567706;73613;55351
15BoulangerieLock;9;1;568698;73745;55402
15BoulangerieLock;9;1;567837;73642;55370
15BoulangerieLock;9;1;567892;73642;55415
15BoulangerieLock;9;1;567919;73625;55375
15BoulangerieLock;9;1;568845;73779;55466
15BoulangerieLock;9;1;568670;73754;55412
15BoulangerieLock;9;1;568146;73664;55413
15BoulangerieLock;9;1;568060;73675;55410
15BoulangerieLock;9;1;568201;73708;55341
Throughput benchmark started! Measure number of operations in given time slot.
Maximum number of threads for this system: 33
Benchmark started! Number of threads: 9 | Time frame: 1 s
Benchmark started for 7C11Lock ...
7C11Lock;9;1;19207104;2492483;2311955
7C11Lock;9;1;18810250;2657429;2159842
7C11Lock;9;1;18481995;2587839;2117228
7C11Lock;9;1;17778921;2484837;2037775
7C11Lock;9;1;17760851;2457451;2042605
7C11Lock;9;1;17481554;2398009;2053381
7C11Lock;9;1;16957939;2345317;1846727
7C11Lock;9;1;17429896;2371351;1968239
7C11Lock;9;1;17511539;2408951;1964024
7C11Lock;9;1;17542883;2422840;1952291
7C11Lock;9;1;17085708;2333449;2001441
7C11Lock;9;1;17240322;2403118;2046601
7C11Lock;9;1;17460900;2439514;2044953
7C11Lock;9;1;17402398;2399785;2051564
7C11Lock;9;1;17485742;2426652;2052916
7C11Lock;9;1;17318627;2422092;2029094
7C11Lock;9;1;17428463;2437178;2037611
7C11Lock;9;1;17481655;2423565;2058449
7C11Lock;9;1;17334030;2389882;2040673
7C11Lock;9;1;17442045;2406984;2044331
7C11Lock;9;1;17354967;2416267;2010266
7C11Lock;9;1;16843491;2382732;1912185
7C11Lock;9;1;16653752;2363686;1859206
7C11Lock;9;1;16599945;2336365;1861527
7C11Lock;9;1;16283456;2305387;1818191
7C11Lock;9;1;15977954;2321850;1712240
7C11Lock;9;1;15957251;2322026;1686825
7C11Lock;9;1;16360530;2353365;1820544
7C11Lock;9;1;16718511;2366353;1868093
7C11Lock;9;1;17098760;2401716;1968908
Throughput benchmark started! Measure number of operations in given time slot.
Maximum number of threads for this system: 33
Benchmark started! Number of threads: 9 | Time frame: 1 s
Benchmark started for 10OpenMPLock ...
10OpenMPLock;9;1;6167005;1735547;170586
10OpenMPLock;9;1;7739101;2079046;411140
10OpenMPLock;9;1;7586884;1982326;393955
10OpenMPLock;9;1;8274397;1859652;476892
10OpenMPLock;9;1;7935358;1857347;356512
10OpenMPLock;9;1;7890345;2063500;260699
10OpenMPLock;9;1;7896670;2047894;258098
10OpenMPLock;9;1;7776468;1983746;245871
10OpenMPLock;9;1;7970056;2028165;303322
10OpenMPLock;9;1;7773187;2012904;253975
10OpenMPLock;9;1;7723774;1967400;246147
10OpenMPLock;9;1;7811457;2008879;264212
10OpenMPLock;9;1;7818893;2000202;264517
10OpenMPLock;9;1;7877860;2008220;263989
10OpenMPLock;9;1;7925436;2018100;283754
10OpenMPLock;9;1;8100367;2021670;320326
10OpenMPLock;9;1;7908863;1978280;288483
10OpenMPLock;9;1;7853131;1986666;271928
10OpenMPLock;9;1;7680623;1969247;242365
10OpenMPLock;9;1;7862297;1994134;297147
10OpenMPLock;9;1;7827762;1990206;323284
10OpenMPLock;9;1;7838851;1968083;334611
10OpenMPLock;9;1;8106480;1987416;369264
10OpenMPLock;9;1;7873942;1979945;325486
10OpenMPLock;9;1;8044102;1978495;376236
10OpenMPLock;9;1;7954554;2024333;335282
10OpenMPLock;9;1;8171868;2033027;393719
10OpenMPLock;9;1;8426879;2137221;356861
10OpenMPLock;9;1;8397879;2126347;353101
10OpenMPLock;9;1;8416854;2122791;357737
Throughput benchmark started! Measure number of operations in given time slot.
Maximum number of threads for this system: 33
Benchmark started! Number of threads: 9 | Time frame: 1 s
Benchmark started for 14TestAndSetLock ...
14TestAndSetLock;9;1;12413813;2632668;444685
14TestAndSetLock;9;1;16839385;2900094;781186
14TestAndSetLock;9;1;16978195;2931311;795445
14TestAndSetLock;9;1;16645009;2932288;769856
14TestAndSetLock;9;1;16648743;2908641;779348
14TestAndSetLock;9;1;16637499;2904821;776482
14TestAndSetLock;9;1;16616868;2847158;1023165
14TestAndSetLock;9;1;17138078;2830411;967878
14TestAndSetLock;9;1;16247331;2825778;828908
14TestAndSetLock;9;1;16033408;2791784;802739
14TestAndSetLock;9;1;16548147;2921229;791879
14TestAndSetLock;9;1;16726387;2923327;751863
14TestAndSetLock;9;1;16684632;2917153;749536
14TestAndSetLock;9;1;16528579;2914685;735330
14TestAndSetLock;9;1;16648629;2939695;751468
14TestAndSetLock;9;1;16345929;2865748;765938
14TestAndSetLock;9;1;16304142;2902135;762068
14TestAndSetLock;9;1;16249994;2866421;741135
14TestAndSetLock;9;1;16565528;2952041;788534
14TestAndSetLock;9;1;16436855;2920374;781647
14TestAndSetLock;9;1;16484572;2922098;771239
14TestAndSetLock;9;1;16391446;2913525;760034
14TestAndSetLock;9;1;16827879;2914962;788767
14TestAndSetLock;9;1;17164172;2994804;782128
14TestAndSetLock;9;1;16452503;2869998;764060
14TestAndSetLock;9;1;16592681;2892087;763762
14TestAndSetLock;9;1;16429170;2849730;742435
14TestAndSetLock;9;1;16280536;2866662;761420
14TestAndSetLock;9;1;16409200;2821079;741448
14TestAndSetLock;9;1;16240387;2797747;754873
Throughput benchmark started! Measure number of operations in given time slot.
Maximum number of threads for this system: 33
Benchmark started! Number of threads: 9 | Time frame: 1 s
Benchmark started for 21TestAndTestAndSetLock ...
21TestAndTestAndSetLock;9;1;9535870;2044591;601091
21TestAndTestAndSetLock;9;1;15631341;2932151;1348624
21TestAndTestAndSetLock;9;1;15642753;2926879;1352836
21TestAndTestAndSetLock;9;1;15619423;2946116;1341831
21TestAndTestAndSetLock;9;1;15596838;2959924;1329103
21TestAndTestAndSetLock;9;1;15651176;2918013;1335540
21TestAndTestAndSetLock;9;1;15633534;2932406;1332331
21TestAndTestAndSetLock;9;1;15618260;2977794;1334163
21TestAndTestAndSetLock;9;1;15642169;2933677;1339955
21TestAndTestAndSetLock;9;1;15612937;2970299;1341740
21TestAndTestAndSetLock;9;1;15656140;2986983;1358973
21TestAndTestAndSetLock;9;1;15603804;2961290;1340470
21TestAndTestAndSetLock;9;1;15444931;3088099;1363679
21TestAndTestAndSetLock;9;1;15396513;3082969;1344824
21TestAndTestAndSetLock;9;1;15442165;3065162;1358659
21TestAndTestAndSetLock;9;1;15455570;3083314;1371504
21TestAndTestAndSetLock;9;1;15439704;3053831;1359571
21TestAndTestAndSetLock;9;1;15410322;3067243;1339973
21TestAndTestAndSetLock;9;1;15432242;3108526;1353361
21TestAndTestAndSetLock;9;1;15413362;3055139;1360230
21TestAndTestAndSetLock;9;1;15441421;3018691;1354087
21TestAndTestAndSetLock;9;1;15375183;3059377;1338943
21TestAndTestAndSetLock;9;1;15428152;3036760;1355071
21TestAndTestAndSetLock;9;1;15426643;3060447;1330412
21TestAndTestAndSetLock;9;1;15455318;3066167;1350740
21TestAndTestAndSetLock;9;1;15469547;3044648;1354748
21TestAndTestAndSetLock;9;1;15443487;3070576;1345368
21TestAndTestAndSetLock;9;1;15413435;3065858;1345571
21TestAndTestAndSetLock;9;1;15454889;3065256;1367649
21TestAndTestAndSetLock;9;1;15397102;3094789;1341626
