Throughput benchmark started! Measure number of operations in given time slot.
Maximum number of threads for this system: 33
Benchmark started! Number of threads: 4 | Time frame: 1 s
Benchmark started for 19PetersonsFilterLock ...
19PetersonsFilterLock;4;1;1679327;705455;484810
19PetersonsFilterLock;4;1;1481471;593017;440994
19PetersonsFilterLock;4;1;1481641;593250;441014
19PetersonsFilterLock;4;1;825960;302847;259408
19PetersonsFilterLock;4;1;1142199;384981;374916
19PetersonsFilterLock;4;1;1141654;383434;375145
19PetersonsFilterLock;4;1;1145951;386793;375854
19PetersonsFilterLock;4;1;998621;393819;301970
19PetersonsFilterLock;4;1;937234;375357;280873
19PetersonsFilterLock;4;1;938554;375625;281403
19PetersonsFilterLock;4;1;938409;375679;281308
19PetersonsFilterLock;4;1;682758;233002;219739
19PetersonsFilterLock;4;1;670965;227117;217279
19PetersonsFilterLock;4;1;1401465;507455;416223
19PetersonsFilterLock;4;1;1434127;521569;420986
19PetersonsFilterLock;4;1;1437084;525311;420622
19PetersonsFilterLock;4;1;1433458;521632;420443
19PetersonsFilterLock;4;1;1210939;410150;398698
19PetersonsFilterLock;4;1;1204924;407664;398057
19PetersonsFilterLock;4;1;1206576;408234;398108
19PetersonsFilterLock;4;1;1204863;407649;398005
19PetersonsFilterLock;4;1;1193809;406181;393337
19PetersonsFilterLock;4;1;1169488;401628;383748
19PetersonsFilterLock;4;1;1165259;401927;381400
19PetersonsFilterLock;4;1;1165892;401690;381830
19PetersonsFilterLock;4;1;1375231;553709;377541
19PetersonsFilterLock;4;1;1382101;587204;393920
19PetersonsFilterLock;4;1;1470745;595323;386511
19PetersonsFilterLock;4;1;1482642;602673;383669
19PetersonsFilterLock;4;1;1477038;598305;384777
free(): invalid pointer
/var/spool/slurm/d/job359750/slurm_script: line 13: 27054 Aborted                 ./bm_fairness_throughput $proc 1 Filter
Throughput benchmark started! Measure number of operations in given time slot.
Maximum number of threads for this system: 33
Benchmark started! Number of threads: 4 | Time frame: 1 s
Benchmark started for 24LamportBakeryHerlihyLock ...
24LamportBakeryHerlihyLock;4;1;1048779;398466;253831
24LamportBakeryHerlihyLock;4;1;898271;359279;179761
24LamportBakeryHerlihyLock;4;1;895944;358335;179282
24LamportBakeryHerlihyLock;4;1;895989;358373;179277
24LamportBakeryHerlihyLock;4;1;897549;359004;179587
24LamportBakeryHerlihyLock;4;1;898105;359222;179702
24LamportBakeryHerlihyLock;4;1;896900;358727;179463
24LamportBakeryHerlihyLock;4;1;883935;336443;211051
24LamportBakeryHerlihyLock;4;1;884419;336368;211731
24LamportBakeryHerlihyLock;4;1;883875;336026;211886
24LamportBakeryHerlihyLock;4;1;883548;336226;211101
24LamportBakeryHerlihyLock;4;1;892739;349168;194426
24LamportBakeryHerlihyLock;4;1;921819;368514;184796
24LamportBakeryHerlihyLock;4;1;921115;368253;184619
24LamportBakeryHerlihyLock;4;1;920343;367998;184360
24LamportBakeryHerlihyLock;4;1;920032;367906;184233
24LamportBakeryHerlihyLock;4;1;921800;368456;184926
24LamportBakeryHerlihyLock;4;1;929921;371697;186597
24LamportBakeryHerlihyLock;4;1;930566;372039;186582
24LamportBakeryHerlihyLock;4;1;930533;371986;186662
24LamportBakeryHerlihyLock;4;1;930691;371989;186844
24LamportBakeryHerlihyLock;4;1;930770;371981;186921
24LamportBakeryHerlihyLock;4;1;930594;372059;186585
24LamportBakeryHerlihyLock;4;1;930655;372127;186618
24LamportBakeryHerlihyLock;4;1;930700;371843;187095
24LamportBakeryHerlihyLock;4;1;930825;371979;186962
24LamportBakeryHerlihyLock;4;1;930731;372005;186887
24LamportBakeryHerlihyLock;4;1;930546;372042;186574
24LamportBakeryHerlihyLock;4;1;949082;356267;236604
24LamportBakeryHerlihyLock;4;1;950104;356538;237133
Throughput benchmark started! Measure number of operations in given time slot.
Maximum number of threads for this system: 33
Benchmark started! Number of threads: 4 | Time frame: 1 s
Benchmark started for 25LamportBakeryOriginalLock ...
25LamportBakeryOriginalLock;4;1;1451269;619951;211415
25LamportBakeryOriginalLock;4;1;931443;311102;309355
25LamportBakeryOriginalLock;4;1;931086;310728;309653
25LamportBakeryOriginalLock;4;1;931759;311066;309689
25LamportBakeryOriginalLock;4;1;929286;310249;308861
25LamportBakeryOriginalLock;4;1;931758;311047;309699
25LamportBakeryOriginalLock;4;1;930738;310713;309334
25LamportBakeryOriginalLock;4;1;598586;199679;199262
25LamportBakeryOriginalLock;4;1;572173;190809;190563
25LamportBakeryOriginalLock;4;1;572300;190873;190613
25LamportBakeryOriginalLock;4;1;823027;274704;273645
25LamportBakeryOriginalLock;4;1;924155;308564;307114
25LamportBakeryOriginalLock;4;1;924819;308847;307174
25LamportBakeryOriginalLock;4;1;925634;309095;307508
25LamportBakeryOriginalLock;4;1;924058;308517;307112
25LamportBakeryOriginalLock;4;1;893240;299237;296158
25LamportBakeryOriginalLock;4;1;891943;298073;296490
25LamportBakeryOriginalLock;4;1;893088;299521;295804
25LamportBakeryOriginalLock;4;1;892114;298370;296306
25LamportBakeryOriginalLock;4;1;893515;300118;295505
25LamportBakeryOriginalLock;4;1;892771;299139;295958
25LamportBakeryOriginalLock;4;1;892908;299191;296022
25LamportBakeryOriginalLock;4;1;893499;300050;295547
25LamportBakeryOriginalLock;4;1;648978;216447;216109
25LamportBakeryOriginalLock;4;1;637696;212635;212480
25LamportBakeryOriginalLock;4;1;629156;209781;209622
25LamportBakeryOriginalLock;4;1;634392;211540;211359
25LamportBakeryOriginalLock;4;1;634909;211714;211545
25LamportBakeryOriginalLock;4;1;631958;210712;210567
25LamportBakeryOriginalLock;4;1;635225;211818;211634
Throughput benchmark started! Measure number of operations in given time slot.
Maximum number of threads for this system: 33
Benchmark started! Number of threads: 4 | Time frame: 1 s
Benchmark started for 15BoulangerieLock ...
15BoulangerieLock;4;1;1398333;555080;352154
15BoulangerieLock;4;1;1374945;634177;289894
15BoulangerieLock;4;1;1364855;632557;285617
15BoulangerieLock;4;1;1376882;633659;290982
15BoulangerieLock;4;1;1363800;632600;285091
15BoulangerieLock;4;1;1364082;632771;285086
15BoulangerieLock;4;1;1378970;634998;291364
15BoulangerieLock;4;1;1388831;637072;295266
15BoulangerieLock;4;1;1363930;636319;284085
15BoulangerieLock;4;1;1382410;637128;292115
15BoulangerieLock;4;1;1370647;637755;285702
15BoulangerieLock;4;1;1369369;637086;285235
15BoulangerieLock;4;1;1371059;638502;285572
15BoulangerieLock;4;1;734798;278879;220220
15BoulangerieLock;4;1;672864;242735;214002
15BoulangerieLock;4;1;679295;247753;214509
15BoulangerieLock;4;1;684757;251382;215446
15BoulangerieLock;4;1;707648;265683;217633
15BoulangerieLock;4;1;1498438;728302;298092
15BoulangerieLock;4;1;1503288;734561;294246
15BoulangerieLock;4;1;1496987;730898;295506
15BoulangerieLock;4;1;1496007;738184;285716
15BoulangerieLock;4;1;1498751;736589;288909
15BoulangerieLock;4;1;1493808;736891;286633
15BoulangerieLock;4;1;1494126;736863;286673
15BoulangerieLock;4;1;1490054;738246;283461
15BoulangerieLock;4;1;1493265;736234;286913
15BoulangerieLock;4;1;1499627;739709;286816
15BoulangerieLock;4;1;1500173;739640;286876
15BoulangerieLock;4;1;1007753;539284;163968
free(): invalid pointer
/var/spool/slurm/d/job359750/slurm_script: line 16: 27071 Aborted                 ./bm_fairness_throughput $proc 1 Boulangerie
Throughput benchmark started! Measure number of operations in given time slot.
Maximum number of threads for this system: 33
Benchmark started! Number of threads: 4 | Time frame: 1 s
Benchmark started for 7C11Lock ...
7C11Lock;4;1;16831688;7587075;4262822
7C11Lock;4;1;15984469;7701668;3709922
7C11Lock;4;1;15972706;7745850;3726809
7C11Lock;4;1;17100398;7119151;4806840
7C11Lock;4;1;17123148;7078520;4843142
7C11Lock;4;1;17152655;7100031;4839602
7C11Lock;4;1;17069972;7093254;4785818
7C11Lock;4;1;15771338;6778087;3931124
7C11Lock;4;1;15793480;6780665;3940403
7C11Lock;4;1;15796203;6840906;3896897
7C11Lock;4;1;15807626;6792484;3917676
7C11Lock;4;1;16687432;6745442;4597750
7C11Lock;4;1;17426801;6779699;5101991
7C11Lock;4;1;17502424;6837042;5098139
7C11Lock;4;1;17172575;6650613;5094055
7C11Lock;4;1;15522113;5576860;4821038
7C11Lock;4;1;15486277;5533285;4840192
7C11Lock;4;1;15455884;5605839;4789986
7C11Lock;4;1;15547770;5720132;4700033
7C11Lock;4;1;15946871;6944761;4224056
7C11Lock;4;1;15960049;6946236;4226130
7C11Lock;4;1;15965092;6938074;4225118
7C11Lock;4;1;15972583;6912309;4250428
7C11Lock;4;1;15925195;6930409;4206429
7C11Lock;4;1;15921263;6939749;4167649
7C11Lock;4;1;15921236;6907887;4225391
7C11Lock;4;1;15951561;6903464;4226400
7C11Lock;4;1;15794150;6579027;4355888
7C11Lock;4;1;15789824;6589369;4384731
7C11Lock;4;1;15784549;6587021;4370354
Throughput benchmark started! Measure number of operations in given time slot.
Maximum number of threads for this system: 33
Benchmark started! Number of threads: 4 | Time frame: 1 s
Benchmark started for 10OpenMPLock ...
10OpenMPLock;4;1;10946154;5075603;2667936
10OpenMPLock;4;1;10888359;4206426;3286739
10OpenMPLock;4;1;11655449;4493092;3029707
10OpenMPLock;4;1;10928875;4141955;3269438
10OpenMPLock;4;1;10922272;4153789;3278435
10OpenMPLock;4;1;10930690;4143557;3272475
10OpenMPLock;4;1;10923207;4130236;3278262
10OpenMPLock;4;1;10922018;4134654;3293217
10OpenMPLock;4;1;10912394;4142698;3303710
10OpenMPLock;4;1;10745045;4475343;2772402
10OpenMPLock;4;1;10720345;4556810;2669312
10OpenMPLock;4;1;10714772;4547809;2665588
10OpenMPLock;4;1;10712009;4549322;2662279
10OpenMPLock;4;1;10702899;4552000;2641384
10OpenMPLock;4;1;10705864;4547546;2643846
10OpenMPLock;4;1;10737068;4513701;2731770
10OpenMPLock;4;1;12634918;6789228;821278
10OpenMPLock;4;1;12674872;6841164;761732
10OpenMPLock;4;1;12667581;6842773;751374
10OpenMPLock;4;1;12677218;6841455;766375
10OpenMPLock;4;1;12679414;6844670;770262
10OpenMPLock;4;1;12692719;6829452;815981
10OpenMPLock;4;1;12686194;6833128;808132
10OpenMPLock;4;1;12697895;6833920;828208
10OpenMPLock;4;1;12699736;6829004;832411
10OpenMPLock;4;1;12688187;6827200;813561
10OpenMPLock;4;1;12698548;6830793;835621
10OpenMPLock;4;1;12702589;6834580;837952
10OpenMPLock;4;1;12700060;6832442;831367
10OpenMPLock;4;1;8777013;6583121;699152
Throughput benchmark started! Measure number of operations in given time slot.
Maximum number of threads for this system: 33
Benchmark started! Number of threads: 4 | Time frame: 1 s
Benchmark started for 14TestAndSetLock ...
14TestAndSetLock;4;1;27501182;10498247;7370681
14TestAndSetLock;4;1;14113016;9914139;1990463
14TestAndSetLock;4;1;14121342;9919830;1994594
14TestAndSetLock;4;1;36571661;17091339;8528457
14TestAndSetLock;4;1;36794484;17138393;8590429
14TestAndSetLock;4;1;36788738;17170985;8538176
14TestAndSetLock;4;1;36791281;17143572;8586642
14TestAndSetLock;4;1;36845211;17148594;8642615
14TestAndSetLock;4;1;36133407;15043752;10068686
14TestAndSetLock;4;1;36061995;16197821;9411886
14TestAndSetLock;4;1;36030728;16149005;9435465
14TestAndSetLock;4;1;36042380;16142711;9394907
14TestAndSetLock;4;1;35985828;16056884;9415535
14TestAndSetLock;4;1;35953375;16037632;9433826
14TestAndSetLock;4;1;36115927;16238866;9408762
14TestAndSetLock;4;1;28965783;16665125;5704616
14TestAndSetLock;4;1;29044096;16760337;5692599
14TestAndSetLock;4;1;32296045;11949173;8986934
14TestAndSetLock;4;1;31944900;11826029;9087158
14TestAndSetLock;4;1;30985150;11778191;9201573
14TestAndSetLock;4;1;31043846;11789805;9187744
14TestAndSetLock;4;1;30964150;11781940;9197843
14TestAndSetLock;4;1;30983772;11779810;9196381
14TestAndSetLock;4;1;29013112;16654782;5725331
14TestAndSetLock;4;1;32632896;12009926;8899526
14TestAndSetLock;4;1;32144715;11846158;9056524
14TestAndSetLock;4;1;32566119;12200514;8755561
14TestAndSetLock;4;1;32208858;17315831;6064824
14TestAndSetLock;4;1;31972282;17172326;6016095
14TestAndSetLock;4;1;32076293;17237420;6046055
Throughput benchmark started! Measure number of operations in given time slot.
Maximum number of threads for this system: 33
Benchmark started! Number of threads: 4 | Time frame: 1 s
Benchmark started for 21TestAndTestAndSetLock ...
21TestAndTestAndSetLock;4;1;25378586;15042934;4908060
21TestAndTestAndSetLock;4;1;29378183;18480743;4753371
21TestAndTestAndSetLock;4;1;29716263;14136804;5023540
21TestAndTestAndSetLock;4;1;29695827;14136235;5008964
21TestAndTestAndSetLock;4;1;30761706;18324080;2894942
21TestAndTestAndSetLock;4;1;30899782;12637174;8818376
21TestAndTestAndSetLock;4;1;30876438;13287555;8781389
21TestAndTestAndSetLock;4;1;31031672;13382355;8775528
21TestAndTestAndSetLock;4;1;27689431;15862209;3708800
21TestAndTestAndSetLock;4;1;27318352;15917623;3799820
21TestAndTestAndSetLock;4;1;27309825;15938589;3784493
21TestAndTestAndSetLock;4;1;27422608;16003192;3782312
21TestAndTestAndSetLock;4;1;27233383;15860402;3797722
21TestAndTestAndSetLock;4;1;27212911;15858476;3782257
21TestAndTestAndSetLock;4;1;30408211;19080687;1343689
21TestAndTestAndSetLock;4;1;30826180;19500346;860551
21TestAndTestAndSetLock;4;1;29796992;18868607;1080775
21TestAndTestAndSetLock;4;1;28574847;17133341;2708246
21TestAndTestAndSetLock;4;1;27709544;15996993;3646236
21TestAndTestAndSetLock;4;1;27683454;15958181;3651148
21TestAndTestAndSetLock;4;1;27466347;15776367;3639503
21TestAndTestAndSetLock;4;1;27554958;15829702;3642574
21TestAndTestAndSetLock;4;1;27586712;15866877;3645348
21TestAndTestAndSetLock;4;1;27647859;15906425;3633221
21TestAndTestAndSetLock;4;1;27611561;15887681;3629894
21TestAndTestAndSetLock;4;1;27660564;15931455;3621500
21TestAndTestAndSetLock;4;1;27690948;15940938;3629717
21TestAndTestAndSetLock;4;1;27724373;15994745;3647438
21TestAndTestAndSetLock;4;1;27509271;15797832;3654702
21TestAndTestAndSetLock;4;1;27567127;15857355;3637060
